build/app/outputs/mapping/release/seeds.txt
com.maukan.cast.MainActivity
com.maukan.cast.MainActivity: MainActivity()
...
androidx.appcompat.app.AppCompatActivity: androidx.appcompat.view.ActionMode onWindowStartingSupportActionMode(androidx.appcompat.view.ActionMode$Callback)
com.pichillilorenzo.flutter_inappwebview_android.webview.WebViewChannelDelegate: void onReceivedError(com.pichillilorenzo.flutter_inappwebview_android.types.WebResourceRequestExt,com.pichillilorenzo.flutter_inappwebview_android.types.WebResourceErrorExt)
androidx.lifecycle.ReportFragment$LifecycleCallbacks: void onActivityPostStarted(android.app.Activity)
androidx.appcompat.widget.AppCompatTextView: void setSupportBackgroundTintList(android.content.res.ColorStateList)
com.pichillilorenzo.flutter_inappwebview_android.types.BaseCallbackResultImpl: void notImplemented()
androidx.appcompat.widget.Toolbar: void setContentInsetEndWithActions(int)
com.pichillilorenzo.flutter_inappwebview_android.types.MarginsExt: MarginsExt()
com.pichillilorenzo.flutter_inappwebview_android.types.ICallbackResult: boolean nonNullSuccess(java.lang.Object)
io.flutter.embedding.engine.renderer.FlutterRenderer$ImageTextureRegistryEntry: void release()
androidx.appcompat.widget.AppCompatMultiAutoCompleteTextView: void setDropDownBackgroundResource(int)
io.flutter.view.AccessibilityViewEmbedder: void setFlutterNodesTranslateBounds(android.view.accessibility.AccessibilityNodeInfo,android.graphics.Rect,android.view.accessibility.AccessibilityNodeInfo)
com.pichillilorenzo.flutter_inappwebview_android.pull_to_refresh.PullToRefreshLayout$2: PullToRefreshLayout$2(com.pichillilorenzo.flutter_inappwebview_android.pull_to_refresh.PullToRefreshLayout,com.pichillilorenzo.flutter_inappwebview_android.pull_to_refresh.PullToRefreshLayout)
com.pichillilorenzo.flutter_inappwebview_android.types.UserContentController: java.lang.String generateCodeForScriptEvaluation(java.lang.String,com.pichillilorenzo.flutter_inappwebview_android.types.ContentWorld)
androidx.swiperefreshlayout.widget.SwipeRefreshLayout: void setOnRefreshListener(androidx.swiperefreshlayout.widget.SwipeRefreshLayout$OnRefreshListener)
androidx.appcompat.widget.Toolbar: int getContentInsetLeft()
androidx.appcompat.widget.AppCompatSpinner: void setSupportBackgroundTintMode(android.graphics.PorterDuff$Mode)
androidx.core.app.ActivityCompat$Api21Impl: void setExitSharedElementCallback(android.app.Activity,android.app.SharedElementCallback)
com.pichillilorenzo.flutter_inappwebview_android.types.URLRequest: java.util.Map toMap()
com.pichillilorenzo.flutter_inappwebview_android.webview.in_app_webview.InAppWebViewChromeClient: void onRequestFocus(android.webkit.WebView)
io.flutter.embedding.android.FlutterImageView: io.flutter.embedding.engine.renderer.FlutterRenderer getAttachedRenderer()
io.flutter.embedding.engine.FlutterJNI: android.graphics.Bitmap decodeImage(java.nio.ByteBuffer,long)
com.pichillilorenzo.flutter_inappwebview_android.webview.InAppWebViewInterface: boolean zoomIn()
androidx.appcompat.widget.AppCompatCheckBox: android.content.res.ColorStateList getSupportBackgroundTintList()
com.pichillilorenzo.flutter_inappwebview_android.webview.in_app_webview.InAppWebViewChromeClient$1: void defaultBehaviour(java.lang.Object)
com.pichillilorenzo.flutter_inappwebview_android.types.UserScript: void setSource(java.lang.String)
androidx.appcompat.widget.Toolbar: int getCurrentContentInsetEnd()
io.flutter.embedding.engine.FlutterJNI: void removeIsDisplayingFlutterUiListener(io.flutter.embedding.engine.renderer.FlutterUiDisplayListener)
com.pichillilorenzo.flutter_inappwebview_android.proxy.ProxyManager: void init()
com.pichillilorenzo.flutter_inappwebview_android.content_blocker.ContentBlockerAction: void setSelector(java.lang.String)
com.pichillilorenzo.flutter_inappwebview_android.types.HttpAuthenticationChallenge: boolean equals(java.lang.Object)
com.pichillilorenzo.flutter_inappwebview_android.webview.in_app_webview.ThreadedInputConnectionProxyAdapterView: android.os.IBinder getWindowToken()