build/app/outputs/mapping/release/usage.txt
com.maukan.cast.BuildConfig
com.maukan.cast.MainActivity:
    private static final java.lang.String CHANNEL
    private static final int PERMISSION_REQUEST_CODE
    private static final java.lang.String TAG
com.maukan.cast.MulticastLockManager:
    private static final java.lang.String LOCK_TAG
    private static final java.lang.String TAG
com.maukan.cast.R$anim
com.maukan.cast.R$animator
com.maukan.cast.R$attr
com.maukan.cast.R$bool
com.maukan.cast.R$color
com.maukan.cast.R$dimen
com.maukan.cast.R$drawable
com.maukan.cast.R$id
com.maukan.cast.R$integer
com.maukan.cast.R$interpolator
com.maukan.cast.R$layout
com.maukan.cast.R$menu
com.maukan.cast.R$mipmap
com.maukan.cast.R$string
com.maukan.cast.R$style
com.maukan.cast.R$styleable
com.maukan.cast.R$xml
com.maukan.cast.R
...
androidx.media3.extractor.text.ttml.TtmlStyle$RubyType
androidx.media3.extractor.text.ttml.TtmlStyle$StyleFlags
androidx.media3.extractor.text.ttml.TtmlStyle:
    public static final int FONT_SIZE_UNIT_EM
    public static final int FONT_SIZE_UNIT_PERCENT
    public static final int FONT_SIZE_UNIT_PIXEL
    private static final int OFF
    private static final int ON
    public static final int RUBY_TYPE_BASE
    public static final int RUBY_TYPE_CONTAINER
    public static final int RUBY_TYPE_DELIMITER
    public static final int RUBY_TYPE_TEXT
    public static final int STYLE_BOLD
    public static final int STYLE_BOLD_ITALIC
    public static final int STYLE_ITALIC
    public static final int STYLE_NORMAL
    public static final int UNSPECIFIED
    public static final float UNSPECIFIED_SHEAR
    public androidx.media3.extractor.text.ttml.TtmlStyle inherit(androidx.media3.extractor.text.ttml.TtmlStyle)
androidx.media3.extractor.text.ttml.TtmlSubtitle:
    java.util.Map getGlobalStyles()
    androidx.media3.extractor.text.ttml.TtmlNode getRoot()
androidx.media3.extractor.text.ttml.package-info
androidx.media3.extractor.text.tx3g.Tx3gParser:
    public static final int CUE_REPLACEMENT_BEHAVIOR
    private static final int DEFAULT_COLOR
    private static final int DEFAULT_FONT_FACE
    private static final java.lang.String DEFAULT_FONT_FAMILY
    private static final float DEFAULT_VERTICAL_PLACEMENT
    private static final int FONT_FACE_BOLD
    private static final int FONT_FACE_ITALIC
    private static final int FONT_FACE_UNDERLINE
    private static final int SIZE_ATOM_HEADER
    private static final int SIZE_SHORT
    private static final int SIZE_STYLE_RECORD
    private static final int SPAN_PRIORITY_HIGH
    private static final int SPAN_PRIORITY_LOW
    private static final java.lang.String TAG
    private static final java.lang.String TX3G_SERIF
    private static final int TYPE_STYL
    private static final int TYPE_TBOX
androidx.media3.extractor.text.tx3g.package-info
androidx.media3.extractor.text.webvtt.Mp4WebvttParser:
    private static final int BOX_HEADER_SIZE
    public static final int CUE_REPLACEMENT_BEHAVIOR
    private static final int TYPE_payl
    private static final int TYPE_sttg
    private static final int TYPE_vttc
androidx.media3.extractor.text.webvtt.WebvttCssParser:
    private static final java.lang.String PROPERTY_BGCOLOR
    private static final java.lang.String PROPERTY_COLOR
    private static final java.lang.String PROPERTY_FONT_FAMILY
    private static final java.lang.String PROPERTY_FONT_SIZE
    private static final java.lang.String PROPERTY_FONT_STYLE
    private static final java.lang.String PROPERTY_FONT_WEIGHT
    private static final java.lang.String PROPERTY_RUBY_POSITION
    private static final java.lang.String PROPERTY_TEXT_COMBINE_UPRIGHT
    private static final java.lang.String PROPERTY_TEXT_DECORATION
    private static final java.lang.String RULE_END
    private static final java.lang.String RULE_START
    private static final java.lang.String TAG
    private static final java.lang.String VALUE_ALL
    private static final java.lang.String VALUE_BOLD
    private static final java.lang.String VALUE_DIGITS
    private static final java.lang.String VALUE_ITALIC
    private static final java.lang.String VALUE_OVER
    private static final java.lang.String VALUE_UNDER
    private static final java.lang.String VALUE_UNDERLINE
androidx.media3.extractor.text.webvtt.WebvttCssStyle$FontSizeUnit
androidx.media3.extractor.text.webvtt.WebvttCssStyle$StyleFlags